<?xml version="1.0" encoding="UTF-8"?>
<!-- Generated by org.testng.reporters.JUnitReportReporter -->
<testsuite hostname="IMCVBCP55-BLL" failures="0" tests="1" name="testCase.LoginTest" time="7.521" errors="0" timestamp="2022-01-10T22:42:59 IST" skipped="0">
  <testcase classname="testCase.LoginTest" name="loginFunction" time="7.521"/>
  <system-out/>
</testsuite> <!-- testCase.LoginTest -->
